[0mPOST /CreateUser [0m- [0m- ms - -[0m
[0mPOST /CreateUser [0m- [0m- ms - -[0m
aa aa aa 1 undefined 0x0e8eec7acec5f493a1100ff069d37f8e3f114107
[0mPOST /CreateUser [0m- [0m- ms - -[0m
aa aa aa 1 aa 0x0e8eec7acec5f493a1100ff069d37f8e3f114107
[0mPOST /CreateUser [0m- [0m- ms - -[0m
aa aa aa 12 aa 0x807c603cd1cba9e967c852f26eaab81021a58de8
[0mPOST /CreateUser [0m- [0m- ms - -[0m
zz zz zz 2 zz 0x807c603cd1cba9e967c852f26eaab81021a58de8
aa aa aa 1 aa 0x0e8eec7acec5f493a1100ff069d37f8e3f114107
[0mPOST /CreateUser [0m- [0m- ms - -[0m
[0mGET / [33m404 [0m193.415 ms - 1441[0m
[0mGET / [33m404 [0m13.966 ms - 1441[0m
[0mGET / [33m404 [0m9.947 ms - 1441[0m
[0mGET /getUser?ID_User=1 [0m- [0m- ms - -[0m
[0mGET /getUser?ID_User=1 [32m200 [0m313.656 ms - 154[0m
[0mGET /getUser?ID_User=2 [32m200 [0m75.760 ms - 154[0m
[0mGET /getUser?ID_User=3 [32m200 [0m71.853 ms - 154[0m
[0mGET /getUser?ID_User=4 [32m200 [0m73.147 ms - 86[0m
aa aa aa 1 aa 0x0e8eec7acec5f493a1100ff069d37f8e3f114107
zz zz zz 2 zz 0x807c603cd1cba9e967c852f26eaab81021a58de8
[0mPOST /CreateUser [0m- [0m- ms - -[0m
[0mPOST /CreateUser [0m- [0m- ms - -[0m
[0mPOST /users [33m404 [0m211.325 ms - 1429[0m
[0mGET /users [0m- [0m- ms - -[0m
{ blockHash:
   '0x9d3a07550229ba539e1d2cd0e5b4f376c36b86d35359cce57a1135f6e467bc27',
  blockNumber: 573310,
  contractAddress: null,
  cumulativeGasUsed: 204289,
  from: '0xe801695c0e4d6cb3b18b51fa054d0aae2c468a9f',
  gasUsed: 204289,
  logsBloom:
   '0x00000000000000000000000000000000000000000000000000000000000000000000000000000000000000000000000000000000000000000000000000000000000000000000000000000000000000000000000000000000000000000000000000000000000000000000000000000000000000000000000000000000000000000000000000000000000000000000000000000000000000000000000000000000000000000000000000000000000000000000000000000000000000000000000000000000000000000000000000000000000000000000000000000000000000000000000000000000000000000000000000000000000000000000000000000000',
  status: true,
  to: '0xb58318591cdf2c0f0e9324106732df8a4e9d0a54',
  transactionHash:
   '0x484cb0b39cbaf358c5761be38ee7af0f51888e4e639808ad4808dce39ed179ae',
  transactionIndex: 0,
  events: {} }
[0mGET /users [32m200 [0m2812.107 ms - 23[0m
[0mGET /getUser?ID_User=5 [32m200 [0m263.512 ms - 86[0m
[0mGET /getUser?ID_User=4 [32m200 [0m70.582 ms - 118[0m
[0mPOST /users [0m- [0m- ms - -[0m
[0mPOST /CreateUser [0m- [0m- ms - -[0m
[0mPOST /users [0m- [0m- ms - -[0m
[0mPOST /CreateUser [0m- [0m- ms - -[0m
[0mPOST /users [32m200 [0m3858.270 ms - 935[0m
[0mGET /getUser?ID_User=5 [32m200 [0m267.770 ms - 99[0m
[0mPOST /DEVENT/CreateUser [32m200 [0m2806.823 ms - 935[0m
[0mGET /getUser?ID_User=6 [32m200 [0m280.933 ms - 104[0m
[0mGET /DEVENT/getUser?ID_User=6 [32m200 [0m72.456 ms - 104[0m
[0mGET /DEVENT/CreateUser [33m404 [0m195.205 ms - 1429[0m
[0mGET /stylesheets/style.css [32m200 [0m2.792 ms - 111[0m
[0mGET /favicon.ico [33m404 [0m13.671 ms - 1441[0m
[0mPOST /DEVENT/CreateUser [32m200 [0m5635.678 ms - 935[0m
[0mGET /DEVENT/getUser [0m- [0m- ms - -[0m
[0mGET /DEVENT/getUser [0m- [0m- ms - -[0m
[0mGET /DEVENT/getUser?ID_User=1 [32m200 [0m317.144 ms - 154[0m
[0mGET /DEVENT/getUser?ID_User=3 [32m200 [0m71.496 ms - 154[0m
[0mGET /DEVENT/getUser?ID_User=7 [32m200 [0m78.569 ms - 94[0m
[0mPOST /DEVENT/CreateUser [32m200 [0m1825.290 ms - 935[0m
[0mPOST /DEVENT/CreateProject [32m200 [0m5469.024 ms - 935[0m
[0mGET /DEVENT/getproject?ID_User=1&indice=0 [0m- [0m- ms - -[0m
[0mGET /DEVENT/getproject?ID_User=1&indice=1 [0m- [0m- ms - -[0m
[0mGET /DEVENT/getproject?ID_User=1&indice=0 [0m- [0m- ms - -[0m
[0mGET /DEVENT/getproject?ID_User=1&indice=0 [0m- [0m- ms - -[0m
[0mPOST /DEVENT/CreateProject [32m200 [0m5721.427 ms - 935[0m
[0mGET /DEVENT/getproject?ID_User=1&indice=0 [0m- [0m- ms - -[0m
[0mGET /DEVENT/getproject?ID_User=1&indice=0 [0m- [0m- ms - -[0m
[0mGET /DEVENT/getproject?ID_User=1&indice=0 [32m200 [0m334.080 ms - 55[0m
[0mGET /DEVENT/getproject?ID_User=1&indice=1 [32m200 [0m73.023 ms - 55[0m
[0mPOST /DEVENT/CreateRules [32m200 [0m2735.437 ms - 935[0m
[0mGET /DEVENT/getRules?id_project=1 [0m- [0m- ms - -[0m
[0mGET /DEVENT/getRules?id_project=1 [0m- [0m- ms - -[0m
[0mGET /DEVENT/getRules?id_project=1 [32m200 [0m329.018 ms - 49[0m
[0mPOST /DEVENT/addProUser [0m- [0m- ms - -[0m
[0mPOST /DEVENT/addProUser [32m200 [0m2932.402 ms - 935[0m
[0mGET /DEVENT/?ID_UserPro=1 [33m404 [0m196.186 ms - 1464[0m
[0mGET /DEVENT/getUserPro?ID_UserPro=1 [32m200 [0m75.501 ms - 105[0m
[0mPOST /DEVENT/addTicket [32m200 [0m3652.631 ms - 935[0m
[0mGET /DEVENT/getTicketUser?ID_User=1&indice=0 [32m200 [0m72.098 ms - 56[0m
[0mGET /DEVENT/getTicketProject?ID_Project=1&indice=0 [32m200 [0m73.714 ms - 56[0m
[0mPOST /DEVENT/addTicket?ID_User=1 [32m200 [0m1857.424 ms - 935[0m
[0mPOST /DEVENT/addTicket?ID_User=1 [0m- [0m- ms - -[0m
[0mPOST /DEVENT/addTicket [0m- [0m- ms - -[0m
[0mPOST /DEVENT/addTicket?ID_User=1 [0m- [0m- ms - -[0m
[0mGET / [33m404 [0m222.362 ms - 861[0m
[0mGET / [33m404 [0m14.188 ms - 861[0m
[0mPOST /DEVENT/addProUser [32m200 [0m4807.110 ms - 935[0m
[0mPOST /DEVENT/CreateUser [0m- [0m- ms - -[0m
[0mPOST /DEVENT/CreateUser [0m- [0m- ms - -[0m
[0mPOST /DEVENT/CreateUser [32m200 [0m3796.222 ms - 935[0m
[0mPOST /DEVENT/addProUser [32m200 [0m4682.391 ms - 935[0m
[0mPOST /DEVENT/addProUser [32m200 [0m3453.493 ms - 935[0m
[0mPOST /DEVENT/CreateProject [32m200 [0m3692.897 ms - 935[0m
[0mPOST /DEVENT/confirmParticipation [32m200 [0m4467.027 ms - 933[0m
Transaction receipt: { blockHash:
   '0x823d5a1670f8a098a5c759e12776db5eeb86ec1b0cc4ad786a01be2852710f8a',
  blockNumber: 591191,
  contractAddress: null,
  cumulativeGasUsed: 50071,
  from: '0xfe0fbc5abc7ad8b771b23312f6766affe19b55d4',
  gasUsed: 50071,
  logsBloom:
   '0x00000000000000200000000000000000000000000000000000000000000000080000000000000000000000000000000000000000000000000000000000000000000000000000000000000008000000000000000000000000000000000000000000000000000000000000000000000000000000000000000000000010000000018200000000000000000000000000000000000000000000000000000000000000000000000000000000000000000000000000000000000000000000000000000000000003000000000000000000080100000000000000000000000000000000000000000000000000000000000000000000000000000200000000000000000000',
  status: true,
  to: '0xa561131a1c8ac25925fb848bca45a74af61e5a38',
  transactionHash:
   '0xcd745009664167b05a8256272ac571027bd52940004eabcff2d4b1589ca4ac87',
  transactionIndex: 0,
  events:
   { Transfer:
      { address: '0xa561131a1C8aC25925FB848bCa45A74aF61e5A38',
        blockNumber: 591191,
        transactionHash:
         '0xcd745009664167b05a8256272ac571027bd52940004eabcff2d4b1589ca4ac87',
        transactionIndex: 0,
        blockHash:
         '0x823d5a1670f8a098a5c759e12776db5eeb86ec1b0cc4ad786a01be2852710f8a',
        logIndex: 0,
        removed: false,
        id: 'log_ac23b4eb',
        returnValues:
         Result {
           '0': '0xfe0FBC5aBC7Ad8B771b23312f6766AFFe19b55D4',
           '1': '0xe801695c0e4d6Cb3B18B51fA054d0aAE2c468A9F',
           '2': '12',
           from: '0xfe0FBC5aBC7Ad8B771b23312f6766AFFe19b55D4',
           to: '0xe801695c0e4d6Cb3B18B51fA054d0aAE2c468A9F',
           value: '12' },
        event: 'Transfer',
        signature:
         '0xddf252ad1be2c89b69c2b068fc378daa952ba7f163c4a11628f55a4df523b3ef',
        raw:
         { data:
            '0x000000000000000000000000000000000000000000000000000000000000000c',
           topics:
            [ '0xddf252ad1be2c89b69c2b068fc378daa952ba7f163c4a11628f55a4df523b3ef',
              '0x000000000000000000000000fe0fbc5abc7ad8b771b23312f6766affe19b55d4',
              '0x000000000000000000000000e801695c0e4d6cb3b18b51fa054d0aae2c468a9f',
              [length]: 3 ] } } } }
Your new account balance: 19999899999989989997
Transaction receipt: { blockHash:
   '0xaf1767e61159d8846d29563236ea3c5d0d039269558e63d16ec68d13ab52002a',
  blockNumber: 591211,
  contractAddress: null,
  cumulativeGasUsed: 50071,
  from: '0xfe0fbc5abc7ad8b771b23312f6766affe19b55d4',
  gasUsed: 50071,
  logsBloom:
   '0x00000000000000200000000000000000000000000000000000000000000000080000000000000000000000000000000000000000000000000000000000000000000000000000000000000008000000000000000000000000000000000000000000000000000000000000000000000000000000000000000000000010000000018200000000000000000000000000000000000000000000000000000000000000000000000000000000000000000000000000000000000000000000000000000000000003000000000000000000080100000000000000000000000000000000000000000000000000000000000000000000000000000200000000000000000000',
  status: true,
  to: '0xa561131a1c8ac25925fb848bca45a74af61e5a38',
  transactionHash:
   '0x0ed6380e073e70b0862afa09319389e7173a793b776054804ce96153480b5f7d',
  transactionIndex: 0,
  events:
   { Transfer:
      { address: '0xa561131a1C8aC25925FB848bCa45A74aF61e5A38',
        blockNumber: 591211,
        transactionHash:
         '0x0ed6380e073e70b0862afa09319389e7173a793b776054804ce96153480b5f7d',
        transactionIndex: 0,
        blockHash:
         '0xaf1767e61159d8846d29563236ea3c5d0d039269558e63d16ec68d13ab52002a',
        logIndex: 0,
        removed: false,
        id: 'log_ee84e4d8',
        returnValues:
         Result {
           '0': '0xfe0FBC5aBC7Ad8B771b23312f6766AFFe19b55D4',
           '1': '0xe801695c0e4d6Cb3B18B51fA054d0aAE2c468A9F',
           '2': '12',
           from: '0xfe0FBC5aBC7Ad8B771b23312f6766AFFe19b55D4',
           to: '0xe801695c0e4d6Cb3B18B51fA054d0aAE2c468A9F',
           value: '12' },
        event: 'Transfer',
        signature:
         '0xddf252ad1be2c89b69c2b068fc378daa952ba7f163c4a11628f55a4df523b3ef',
        raw:
         { data:
            '0x000000000000000000000000000000000000000000000000000000000000000c',
           topics:
            [ '0xddf252ad1be2c89b69c2b068fc378daa952ba7f163c4a11628f55a4df523b3ef',
              '0x000000000000000000000000fe0fbc5abc7ad8b771b23312f6766affe19b55d4',
              '0x000000000000000000000000e801695c0e4d6cb3b18b51fa054d0aae2c468a9f',
              [length]: 3 ] } } } }
Your new account balance: 19999899999989990009
Transaction receipt: { blockHash:
   '0x1a37f261150c13440e963d560c56746d3b35b11c468326255c4fa6b36a9c80fe',
  blockNumber: 591219,
  contractAddress: null,
  cumulativeGasUsed: 50071,
  from: '0xfe0fbc5abc7ad8b771b23312f6766affe19b55d4',
  gasUsed: 50071,
  logsBloom:
   '0x00000000000000200000000000000000000000000000000000000000000000080000000000000000000000000000000000000000000000000000000000000000000000000000000000000008000000000000000000000000000000000000000000000000000000000000000000000000000000000000000000000010000000018200000000000000000000000000000000000000000000000000000000000000000000000000000000000000000000000000000000000000000000000000000000000003000000000000000000080100000000000000000000000000000000000000000000000000000000000000000000000000000200000000000000000000',
  status: true,
  to: '0xa561131a1c8ac25925fb848bca45a74af61e5a38',
  transactionHash:
   '0xa3a90679c0f73b3c41a60fdf23c67a7f348ee06232fa101b247f7179470edafb',
  transactionIndex: 0,
  events:
   { Transfer:
      { address: '0xa561131a1C8aC25925FB848bCa45A74aF61e5A38',
        blockNumber: 591219,
        transactionHash:
         '0xa3a90679c0f73b3c41a60fdf23c67a7f348ee06232fa101b247f7179470edafb',
        transactionIndex: 0,
        blockHash:
         '0x1a37f261150c13440e963d560c56746d3b35b11c468326255c4fa6b36a9c80fe',
        logIndex: 0,
        removed: false,
        id: 'log_905a4744',
        returnValues:
         Result {
           '0': '0xfe0FBC5aBC7Ad8B771b23312f6766AFFe19b55D4',
           '1': '0xe801695c0e4d6Cb3B18B51fA054d0aAE2c468A9F',
           '2': '12',
           from: '0xfe0FBC5aBC7Ad8B771b23312f6766AFFe19b55D4',
           to: '0xe801695c0e4d6Cb3B18B51fA054d0aAE2c468A9F',
           value: '12' },
        event: 'Transfer',
        signature:
         '0xddf252ad1be2c89b69c2b068fc378daa952ba7f163c4a11628f55a4df523b3ef',
        raw:
         { data:
            '0x000000000000000000000000000000000000000000000000000000000000000c',
           topics:
            [ '0xddf252ad1be2c89b69c2b068fc378daa952ba7f163c4a11628f55a4df523b3ef',
              '0x000000000000000000000000fe0fbc5abc7ad8b771b23312f6766affe19b55d4',
              '0x000000000000000000000000e801695c0e4d6cb3b18b51fa054d0aae2c468a9f',
              [length]: 3 ] } } } }
Your new account balance: 19999899999989990021
[0mPOST /DEVENT/addTicket?ID_User=1 [0m- [0m- ms - -[0m
[0mPOST /DEVENT/addTicket [31m500 [0m195.637 ms - 1566[0m
[0mPOST /DEVENT/addTicket [31m500 [0m194.484 ms - 1566[0m
[0mPOST /DEVENT/addTicket [31m500 [0m196.075 ms - 1576[0m
Transaction receipt: { blockHash:
   '0x2f4522082785fb8cfddb8611c204de618a6ed31248cebc873252272903f2dae8',
  blockNumber: 591258,
  contractAddress: null,
  cumulativeGasUsed: 50071,
  from: '0xfe0fbc5abc7ad8b771b23312f6766affe19b55d4',
  gasUsed: 50071,
  logsBloom:
   '0x00000000000000200000000000000000000000000000000000000000000000080000000000000000000000000000000000000000000000000000000000000000000000000000000000000008000000000000000000000000000000000000000000000000000000000000000000000000000000000000000000000010000000018200000000000000000000000000000000000000000000000000000000000000000000000000000000000000000000000000000000000000000000000000000000000003000000000000000000080100000000000000000000000000000000000000000000000000000000000000000000000000000200000000000000000000',
  status: true,
  to: '0xa561131a1c8ac25925fb848bca45a74af61e5a38',
  transactionHash:
   '0x4c7173cf5813fac29ec9c57d08501b4b60813ec1958413b71671a99fd8213707',
  transactionIndex: 0,
  events:
   { Transfer:
      { address: '0xa561131a1C8aC25925FB848bCa45A74aF61e5A38',
        blockNumber: 591258,
        transactionHash:
         '0x4c7173cf5813fac29ec9c57d08501b4b60813ec1958413b71671a99fd8213707',
        transactionIndex: 0,
        blockHash:
         '0x2f4522082785fb8cfddb8611c204de618a6ed31248cebc873252272903f2dae8',
        logIndex: 0,
        removed: false,
        id: 'log_d9057279',
        returnValues:
         Result {
           '0': '0xfe0FBC5aBC7Ad8B771b23312f6766AFFe19b55D4',
           '1': '0xe801695c0e4d6Cb3B18B51fA054d0aAE2c468A9F',
           '2': '12',
           from: '0xfe0FBC5aBC7Ad8B771b23312f6766AFFe19b55D4',
           to: '0xe801695c0e4d6Cb3B18B51fA054d0aAE2c468A9F',
           value: '12' },
        event: 'Transfer',
        signature:
         '0xddf252ad1be2c89b69c2b068fc378daa952ba7f163c4a11628f55a4df523b3ef',
        raw:
         { data:
            '0x000000000000000000000000000000000000000000000000000000000000000c',
           topics:
            [ '0xddf252ad1be2c89b69c2b068fc378daa952ba7f163c4a11628f55a4df523b3ef',
              '0x000000000000000000000000fe0fbc5abc7ad8b771b23312f6766affe19b55d4',
              '0x000000000000000000000000e801695c0e4d6cb3b18b51fa054d0aae2c468a9f',
              [length]: 3 ] } } } }
Your new account balance: 19999899999989990033
[0mPOST /DEVENT/addTicket [0m- [0m- ms - -[0m
[0mPOST /DEVENT/addTicket [0m- [0m- ms - -[0m
Transaction receipt: { blockHash:
   '0x7af259fbadde0af616cdb04d04a355efcd544ca6f668a95d0ab71c6ea6b05666',
  blockNumber: 591275,
  contractAddress: null,
  cumulativeGasUsed: 50071,
  from: '0xfe0fbc5abc7ad8b771b23312f6766affe19b55d4',
  gasUsed: 50071,
  logsBloom:
   '0x00000000000000200000000000000000000000000000000000000000000000080000000000000000000000000000000000000000000000000000000000000000000000000000000000000008000000000000000000000000000000000000000000000000000000000000000000000000000000000000000000000010000000018200000000000000000000000000000000000000000000000000000000000000000000000000000000000000000000000000000000000000000000000000000000000003000000000000000000080100000000000000000000000000000000000000000000000000000000000000000000000000000200000000000000000000',
  status: true,
  to: '0xa561131a1c8ac25925fb848bca45a74af61e5a38',
  transactionHash:
   '0xe4c5a40cfa260784f3476c99b89844779e7914c3b0c8cbd0b465e1f752ca8093',
  transactionIndex: 0,
  events:
   { Transfer:
      { address: '0xa561131a1C8aC25925FB848bCa45A74aF61e5A38',
        blockNumber: 591275,
        transactionHash:
         '0xe4c5a40cfa260784f3476c99b89844779e7914c3b0c8cbd0b465e1f752ca8093',
        transactionIndex: 0,
        blockHash:
         '0x7af259fbadde0af616cdb04d04a355efcd544ca6f668a95d0ab71c6ea6b05666',
        logIndex: 0,
        removed: false,
        id: 'log_2485d686',
        returnValues:
         Result {
           '0': '0xfe0FBC5aBC7Ad8B771b23312f6766AFFe19b55D4',
           '1': '0xe801695c0e4d6Cb3B18B51fA054d0aAE2c468A9F',
           '2': '12',
           from: '0xfe0FBC5aBC7Ad8B771b23312f6766AFFe19b55D4',
           to: '0xe801695c0e4d6Cb3B18B51fA054d0aAE2c468A9F',
           value: '12' },
        event: 'Transfer',
        signature:
         '0xddf252ad1be2c89b69c2b068fc378daa952ba7f163c4a11628f55a4df523b3ef',
        raw:
         { data:
            '0x000000000000000000000000000000000000000000000000000000000000000c',
           topics:
            [ '0xddf252ad1be2c89b69c2b068fc378daa952ba7f163c4a11628f55a4df523b3ef',
              '0x000000000000000000000000fe0fbc5abc7ad8b771b23312f6766affe19b55d4',
              '0x000000000000000000000000e801695c0e4d6cb3b18b51fa054d0aae2c468a9f',
              [length]: 3 ] } } } }
Your new account balance: 19999899999989990045
[0mPOST /DEVENT/addTicket?ID_User=1 [32m200 [0m5804.242 ms - 935[0m
Transaction receipt: { blockHash:
   '0xd82a72274ef86d03e32549f7a5647e3ad6878c1f6ea349fe83a40e3f33bea718',
  blockNumber: 591285,
  contractAddress: null,
  cumulativeGasUsed: 50071,
  from: '0xfe0fbc5abc7ad8b771b23312f6766affe19b55d4',
  gasUsed: 50071,
  logsBloom:
   '0x00000000000000200000000000000000000000000000000000000000000000080000000000000000000000000000000000000000000000000000000000000000000000000000000000000008000000000000000000000000000000000000000000000000000000000000000000000000000000000000000000000010000000018200000000000000000000000000000000000000000000000000000000000000000000000000000000000000000000000000000000000000000000000000000000000003000000000000000000080100000000000000000000000000000000000000000000000000000000000000000000000000000200000000000000000000',
  status: true,
  to: '0xa561131a1c8ac25925fb848bca45a74af61e5a38',
  transactionHash:
   '0x662845de3db5cba0d48921b4ee2328d081012e813c366742f2160c63e81a096e',
  transactionIndex: 0,
  events:
   { Transfer:
      { address: '0xa561131a1C8aC25925FB848bCa45A74aF61e5A38',
        blockNumber: 591285,
        transactionHash:
         '0x662845de3db5cba0d48921b4ee2328d081012e813c366742f2160c63e81a096e',
        transactionIndex: 0,
        blockHash:
         '0xd82a72274ef86d03e32549f7a5647e3ad6878c1f6ea349fe83a40e3f33bea718',
        logIndex: 0,
        removed: false,
        id: 'log_2403e743',
        returnValues:
         Result {
           '0': '0xfe0FBC5aBC7Ad8B771b23312f6766AFFe19b55D4',
           '1': '0xe801695c0e4d6Cb3B18B51fA054d0aAE2c468A9F',
           '2': '12',
           from: '0xfe0FBC5aBC7Ad8B771b23312f6766AFFe19b55D4',
           to: '0xe801695c0e4d6Cb3B18B51fA054d0aAE2c468A9F',
           value: '12' },
        event: 'Transfer',
        signature:
         '0xddf252ad1be2c89b69c2b068fc378daa952ba7f163c4a11628f55a4df523b3ef',
        raw:
         { data:
            '0x000000000000000000000000000000000000000000000000000000000000000c',
           topics:
            [ '0xddf252ad1be2c89b69c2b068fc378daa952ba7f163c4a11628f55a4df523b3ef',
              '0x000000000000000000000000fe0fbc5abc7ad8b771b23312f6766affe19b55d4',
              '0x000000000000000000000000e801695c0e4d6cb3b18b51fa054d0aae2c468a9f',
              [length]: 3 ] } } } }
Your new account balance: 19999899999989990057
[0mPOST /DEVENT/addTicket?ID_User=1 [0m- [0m- ms - -[0m
Transaction receipt: { blockHash:
   '0x3f458cd28c23106d8b786e4769a2a0ab9c88f1a7977404a21f393c1b02b1a00b',
  blockNumber: 591291,
  contractAddress: null,
  cumulativeGasUsed: 50071,
  from: '0xfe0fbc5abc7ad8b771b23312f6766affe19b55d4',
  gasUsed: 50071,
  logsBloom:
   '0x00000000000000200000000000000000000000000000000000000000000000080000000000000000000000000000000000000000000000000000000000000000000000000000000000000008000000000000000000000000000000000000000000000000000000000000000000000000000000000000000000000010000000018200000000000000000000000000000000000000000000000000000000000000000000000000000000000000000000000000000000000000000000000000000000000003000000000000000000080100000000000000000000000000000000000000000000000000000000000000000000000000000200000000000000000000',
  status: true,
  to: '0xa561131a1c8ac25925fb848bca45a74af61e5a38',
  transactionHash:
   '0xf30cc2ffb94c5f608e1ce42c92042de21f89a9c6de25ac0dfc5107cbd89fc748',
  transactionIndex: 0,
  events:
   { Transfer:
      { address: '0xa561131a1C8aC25925FB848bCa45A74aF61e5A38',
        blockNumber: 591291,
        transactionHash:
         '0xf30cc2ffb94c5f608e1ce42c92042de21f89a9c6de25ac0dfc5107cbd89fc748',
        transactionIndex: 0,
        blockHash:
         '0x3f458cd28c23106d8b786e4769a2a0ab9c88f1a7977404a21f393c1b02b1a00b',
        logIndex: 0,
        removed: false,
        id: 'log_5cf53fd5',
        returnValues:
         Result {
           '0': '0xfe0FBC5aBC7Ad8B771b23312f6766AFFe19b55D4',
           '1': '0xe801695c0e4d6Cb3B18B51fA054d0aAE2c468A9F',
           '2': '12',
           from: '0xfe0FBC5aBC7Ad8B771b23312f6766AFFe19b55D4',
           to: '0xe801695c0e4d6Cb3B18B51fA054d0aAE2c468A9F',
           value: '12' },
        event: 'Transfer',
        signature:
         '0xddf252ad1be2c89b69c2b068fc378daa952ba7f163c4a11628f55a4df523b3ef',
        raw:
         { data:
            '0x000000000000000000000000000000000000000000000000000000000000000c',
           topics:
            [ '0xddf252ad1be2c89b69c2b068fc378daa952ba7f163c4a11628f55a4df523b3ef',
              '0x000000000000000000000000fe0fbc5abc7ad8b771b23312f6766affe19b55d4',
              '0x000000000000000000000000e801695c0e4d6cb3b18b51fa054d0aae2c468a9f',
              [length]: 3 ] } } } }
Your new account balance: 19999899999989990069
Transaction receipt: { blockHash:
   '0x59d41a8866afa50a04698d8360d31f84fff22f59b0803a6d37722be4a7812109',
  blockNumber: 591301,
  contractAddress: null,
  cumulativeGasUsed: 50071,
  from: '0xfe0fbc5abc7ad8b771b23312f6766affe19b55d4',
  gasUsed: 50071,
  logsBloom:
   '0x00000000000000200000000000000000000000000000000000000000000000080000000000000000000000000000000000000000000000000000000000000000000000000000000000000008000000000000000000000000000000000000000000000000000000000000000000000000000000000000000000000010000000018200000000000000000000000000000000000000000000000000000000000000000000000000000000000000000000000000000000000000000000000000000000000003000000000000000000080100000000000000000000000000000000000000000000000000000000000000000000000000000200000000000000000000',
  status: true,
  to: '0xa561131a1c8ac25925fb848bca45a74af61e5a38',
  transactionHash:
   '0x125a974aeddc214ee1da06b189638c166898df526c806439f55947125bc98969',
  transactionIndex: 0,
  events:
   { Transfer:
      { address: '0xa561131a1C8aC25925FB848bCa45A74aF61e5A38',
        blockNumber: 591301,
        transactionHash:
         '0x125a974aeddc214ee1da06b189638c166898df526c806439f55947125bc98969',
        transactionIndex: 0,
        blockHash:
         '0x59d41a8866afa50a04698d8360d31f84fff22f59b0803a6d37722be4a7812109',
        logIndex: 0,
        removed: false,
        id: 'log_52fe37b4',
        returnValues:
         Result {
           '0': '0xfe0FBC5aBC7Ad8B771b23312f6766AFFe19b55D4',
           '1': '0xe801695c0e4d6Cb3B18B51fA054d0aAE2c468A9F',
           '2': '12',
           from: '0xfe0FBC5aBC7Ad8B771b23312f6766AFFe19b55D4',
           to: '0xe801695c0e4d6Cb3B18B51fA054d0aAE2c468A9F',
           value: '12' },
        event: 'Transfer',
        signature:
         '0xddf252ad1be2c89b69c2b068fc378daa952ba7f163c4a11628f55a4df523b3ef',
        raw:
         { data:
            '0x000000000000000000000000000000000000000000000000000000000000000c',
           topics:
            [ '0xddf252ad1be2c89b69c2b068fc378daa952ba7f163c4a11628f55a4df523b3ef',
              '0x000000000000000000000000fe0fbc5abc7ad8b771b23312f6766affe19b55d4',
              '0x000000000000000000000000e801695c0e4d6cb3b18b51fa054d0aae2c468a9f',
              [length]: 3 ] } } } }
Your new account balance: 19999899999989990081
[0mPOST /DEVENT/addTicket?ID_User=1 [0m- [0m- ms - -[0m
[0mPOST /DEVENT/CreateUser [32m200 [0m3682.634 ms - 935[0m
[0mPOST /DEVENT/addTicket?ID_User=1 [0m- [0m- ms - -[0m
[0mPOST /DEVENT/addTicket?ID_User=1 [0m- [0m- ms - -[0m
[0mPOST /DEVENT/addTicket [0m- [0m- ms - -[0m
[0mPOST /DEVENT/addTicket [0m- [0m- ms - -[0m
[0mPOST /DEVENT/addTicket [0m- [0m- ms - -[0m
[0mGET / [33m404 [0m195.629 ms - 861[0m
[0mPOST /DEVENT/CreateProject [32m200 [0m3793.519 ms - 935[0m
[0mPOST /DEVENT/addTicket [32m200 [0m4463.562 ms - 935[0m
[0mPOST /DEVENT/addTicket [0m- [0m- ms - -[0m
Transaction receipt: { blockHash:
   '0xd1ba3a209e19375f88e53927e863aa5510acd02ee4277a9657deaa0110d194f2',
  blockNumber: 591654,
  contractAddress: null,
  cumulativeGasUsed: 50071,
  from: '0xfe0fbc5abc7ad8b771b23312f6766affe19b55d4',
  gasUsed: 50071,
  logsBloom:
   '0x00000000000000200000000000000000000000000000000000000000000000080000000000000000000000000000000000000000000000000000000000000000000000000000000000000008000000000000000000000000000000000000000000000000000000000000000000000000000000000000000000000010000000018200000000000000000000000000000000000000000000000000000000000000000000000000000000000000000000000000000000000000000000000000000000000003000000000000000000080100000000000000000000000000000000000000000000000000000000000000000000000000000200000000000000000000',
  status: true,
  to: '0xa561131a1c8ac25925fb848bca45a74af61e5a38',
  transactionHash:
   '0x86a1ae869014abba5c74facc962beedfdf13171acab6ad84109c5cd6f5edb82e',
  transactionIndex: 0,
  events:
   { Transfer:
      { address: '0xa561131a1C8aC25925FB848bCa45A74aF61e5A38',
        blockNumber: 591654,
        transactionHash:
         '0x86a1ae869014abba5c74facc962beedfdf13171acab6ad84109c5cd6f5edb82e',
        transactionIndex: 0,
        blockHash:
         '0xd1ba3a209e19375f88e53927e863aa5510acd02ee4277a9657deaa0110d194f2',
        logIndex: 0,
        removed: false,
        id: 'log_4edda85b',
        returnValues:
         Result {
           '0': '0xfe0FBC5aBC7Ad8B771b23312f6766AFFe19b55D4',
           '1': '0xe801695c0e4d6Cb3B18B51fA054d0aAE2c468A9F',
           '2': '12',
           from: '0xfe0FBC5aBC7Ad8B771b23312f6766AFFe19b55D4',
           to: '0xe801695c0e4d6Cb3B18B51fA054d0aAE2c468A9F',
           value: '12' },
        event: 'Transfer',
        signature:
         '0xddf252ad1be2c89b69c2b068fc378daa952ba7f163c4a11628f55a4df523b3ef',
        raw:
         { data:
            '0x000000000000000000000000000000000000000000000000000000000000000c',
           topics:
            [ '0xddf252ad1be2c89b69c2b068fc378daa952ba7f163c4a11628f55a4df523b3ef',
              '0x000000000000000000000000fe0fbc5abc7ad8b771b23312f6766affe19b55d4',
              '0x000000000000000000000000e801695c0e4d6cb3b18b51fa054d0aae2c468a9f',
              [length]: 3 ] } } } }
Your new account balance: 19999899999989990105
[0mPOST /DEVENT/addTicket?ID_User=1 [0m- [0m- ms - -[0m
[0mPOST /DEVENT/addTicket [0m- [0m- ms - -[0m
[0mPOST /DEVENT/addProUser [32m200 [0m2716.913 ms - 935[0m
[0mGET /DEVENT/getUserPro?ID_UserPro=3 [32m200 [0m75.620 ms - 111[0m
[0mGET /DEVENT/getUserPro?ID_UserPro=4 [32m200 [0m70.080 ms - 117[0m
[0mPOST /DEVENT/CreateProject [32m200 [0m4456.729 ms - 935[0m
[0mPOST /DEVENT/CreateProject [32m200 [0m4454.441 ms - 935[0m
[0mGET /DEVENT/getproject?ID_User=4&indice=1 [32m200 [0m68.554 ms - 57[0m
[0mPOST /DEVENT/addTicket?ID_User=4 [32m200 [0m1694.840 ms - 935[0m
[0mPOST /DEVENT/CreateProject [32m200 [0m2836.232 ms - 935[0m
[0mGET /DEVENT/getproject?ID_User=4&indice=2 [32m200 [0m77.545 ms - 58[0m
[0mPOST /DEVENT/addTicket?ID_User=4 [32m200 [0m2600.423 ms - 935[0m
[0mPOST /DEVENT/CreateUser [32m200 [0m1617.765 ms - 935[0m
[0mGET /DEVENT/getUser?ID_User=10 [32m200 [0m71.443 ms - 86[0m
[0mGET /DEVENT/getUser?ID_User=9 [32m200 [0m71.085 ms - 86[0m
[0mGET /DEVENT/getUser?ID_User=8 [32m200 [0m70.137 ms - 86[0m
[0mGET /DEVENT/getUser?ID_User=5 [32m200 [0m71.037 ms - 86[0m
[0mGET /DEVENT/getUser?ID_User=3 [32m200 [0m71.838 ms - 160[0m
[0mGET /DEVENT/getUser?ID_User=4 [32m200 [0m82.367 ms - 86[0m
[0mGET /DEVENT/getUser?ID_User=3 [32m200 [0m71.818 ms - 160[0m
[0mPOST /DEVENT/CreateProject [32m200 [0m5453.974 ms - 935[0m
[0mGET /DEVENT/getproject?ID_User=4&indice=3 [32m200 [0m286.788 ms - 60[0m
[0mPOST /DEVENT/addTicket?ID_User=3 [32m200 [0m3595.704 ms - 935[0m
Transaction receipt: { blockHash:
   '0xcb31aaad838670b5eef8466900d03be6b215a6b326b015dad79ab06094d4c558',
  blockNumber: 591840,
  contractAddress: null,
  cumulativeGasUsed: 457741,
  from: '0xfe0fbc5abc7ad8b771b23312f6766affe19b55d4',
  gasUsed: 50071,
  logsBloom:
   '0x00000000000000200000000000000000000000000000000000000000000000080000000000000000000000000000000000000000000000000000000000000000000000000000000000000008000000000000000000000000000000000000000000000000000000000000000000000000000000000000000000000010000000018200000000000000000000000000000000000000000000000000000000000000000000000000000000000000000000000000000000000000000000000000000000000003000000000000000000080100000000000000000000000000000000000000000000000000000000000000000000000000000200000000000000000000',
  status: true,
  to: '0xa561131a1c8ac25925fb848bca45a74af61e5a38',
  transactionHash:
   '0xab9e02633b3cd6dba9dd93cf21e494da793b3f7f6e1127d90fd1fa7e797eca07',
  transactionIndex: 1,
  events:
   { Transfer:
      { address: '0xa561131a1C8aC25925FB848bCa45A74aF61e5A38',
        blockNumber: 591840,
        transactionHash:
         '0xab9e02633b3cd6dba9dd93cf21e494da793b3f7f6e1127d90fd1fa7e797eca07',
        transactionIndex: 1,
        blockHash:
         '0xcb31aaad838670b5eef8466900d03be6b215a6b326b015dad79ab06094d4c558',
        logIndex: 0,
        removed: false,
        id: 'log_386c33a7',
        returnValues:
         Result {
           '0': '0xfe0FBC5aBC7Ad8B771b23312f6766AFFe19b55D4',
           '1': '0xe801695c0e4d6Cb3B18B51fA054d0aAE2c468A9F',
           '2': '12',
           from: '0xfe0FBC5aBC7Ad8B771b23312f6766AFFe19b55D4',
           to: '0xe801695c0e4d6Cb3B18B51fA054d0aAE2c468A9F',
           value: '12' },
        event: 'Transfer',
        signature:
         '0xddf252ad1be2c89b69c2b068fc378daa952ba7f163c4a11628f55a4df523b3ef',
        raw:
         { data:
            '0x000000000000000000000000000000000000000000000000000000000000000c',
           topics:
            [ '0xddf252ad1be2c89b69c2b068fc378daa952ba7f163c4a11628f55a4df523b3ef',
              '0x000000000000000000000000fe0fbc5abc7ad8b771b23312f6766affe19b55d4',
              '0x000000000000000000000000e801695c0e4d6cb3b18b51fa054d0aae2c468a9f',
              [length]: 3 ] } } } }
Your new account balance: 19999899999989990117
