0 info it worked if it ends with ok
1 verbose cli [ '/usr/bin/node', '/usr/bin/npm', 'start' ]
2 info using npm@6.14.4
3 info using node@v10.20.1
4 verbose config Skipping project config: /home/ubuntu/.npmrc. (matches userconfig)
5 verbose run-script [ 'prestart', 'start', 'poststart' ]
6 info lifecycle ubuntu@0.0.0~prestart: ubuntu@0.0.0
7 info lifecycle ubuntu@0.0.0~start: ubuntu@0.0.0
8 verbose lifecycle ubuntu@0.0.0~start: unsafe-perm in lifecycle true
9 verbose lifecycle ubuntu@0.0.0~start: PATH: /usr/lib/node_modules/npm/node_modules/npm-lifecycle/node-gyp-bin:/home/ubuntu/node_modules/.bin:/home/ubuntu/bin:/usr/local/sbin:/usr/local/bin:/usr/sbin:/usr/bin:/sbin:/bin:/usr/games:/usr/local/games:/snap/bin
10 verbose lifecycle ubuntu@0.0.0~start: CWD: /home/ubuntu
11 silly lifecycle ubuntu@0.0.0~start: Args: [ '-c', 'node ./bin/www' ]
12 silly lifecycle ubuntu@0.0.0~start: Returned: code: 1  signal: null
13 info lifecycle ubuntu@0.0.0~start: Failed to exec start script
14 verbose stack Error: ubuntu@0.0.0 start: `node ./bin/www`
14 verbose stack Exit status 1
14 verbose stack     at EventEmitter.<anonymous> (/usr/lib/node_modules/npm/node_modules/npm-lifecycle/index.js:332:16)
14 verbose stack     at EventEmitter.emit (events.js:198:13)
14 verbose stack     at ChildProcess.<anonymous> (/usr/lib/node_modules/npm/node_modules/npm-lifecycle/lib/spawn.js:55:14)
14 verbose stack     at ChildProcess.emit (events.js:198:13)
14 verbose stack     at maybeClose (internal/child_process.js:982:16)
14 verbose stack     at Process.ChildProcess._handle.onexit (internal/child_process.js:259:5)
15 verbose pkgid ubuntu@0.0.0
16 verbose cwd /home/ubuntu
17 verbose Linux 4.15.0-1065-aws
18 verbose argv "/usr/bin/node" "/usr/bin/npm" "start"
19 verbose node v10.20.1
20 verbose npm  v6.14.4
21 error code ELIFECYCLE
22 error errno 1
23 error ubuntu@0.0.0 start: `node ./bin/www`
23 error Exit status 1
24 error Failed at the ubuntu@0.0.0 start script.
24 error This is probably not a problem with npm. There is likely additional logging output above.
25 verbose exit [ 1, true ]
