0 info it worked if it ends with ok
1 verbose cli [ '/usr/bin/node', '/usr/bin/npm', 'run', 'rebuild' ]
2 info using npm@6.14.4
3 info using node@v10.20.1
4 verbose run-script [ 'prerebuild', 'rebuild', 'postrebuild' ]
5 info lifecycle secp256k1@3.8.0~prerebuild: secp256k1@3.8.0
6 info lifecycle secp256k1@3.8.0~rebuild: secp256k1@3.8.0
7 verbose lifecycle secp256k1@3.8.0~rebuild: unsafe-perm in lifecycle true
8 verbose lifecycle secp256k1@3.8.0~rebuild: PATH: /usr/lib/node_modules/npm/node_modules/npm-lifecycle/node-gyp-bin:/home/ubuntu/node_modules/ethereumjs-tx/node_modules/secp256k1/node_modules/.bin:/home/ubuntu/node_modules/ethereumjs-tx/node_modules/.bin:/home/ubuntu/node_modules/.bin:/usr/lib/node_modules/npm/node_modules/npm-lifecycle/node-gyp-bin:/home/ubuntu/node_modules/ethereumjs-tx/node_modules/secp256k1/node_modules/.bin:/home/ubuntu/node_modules/ethereumjs-tx/node_modules/.bin:/home/ubuntu/node_modules/.bin:/home/ubuntu/bin:/usr/local/sbin:/usr/local/bin:/usr/sbin:/usr/bin:/sbin:/bin:/usr/games:/usr/local/games:/snap/bin
9 verbose lifecycle secp256k1@3.8.0~rebuild: CWD: /home/ubuntu/node_modules/ethereumjs-tx/node_modules/secp256k1
10 silly lifecycle secp256k1@3.8.0~rebuild: Args: [ '-c', 'node-gyp rebuild' ]
11 silly lifecycle secp256k1@3.8.0~rebuild: Returned: code: 1  signal: null
12 info lifecycle secp256k1@3.8.0~rebuild: Failed to exec rebuild script
13 verbose stack Error: secp256k1@3.8.0 rebuild: `node-gyp rebuild`
13 verbose stack Exit status 1
13 verbose stack     at EventEmitter.<anonymous> (/usr/lib/node_modules/npm/node_modules/npm-lifecycle/index.js:332:16)
13 verbose stack     at EventEmitter.emit (events.js:198:13)
13 verbose stack     at ChildProcess.<anonymous> (/usr/lib/node_modules/npm/node_modules/npm-lifecycle/lib/spawn.js:55:14)
13 verbose stack     at ChildProcess.emit (events.js:198:13)
13 verbose stack     at maybeClose (internal/child_process.js:982:16)
13 verbose stack     at Process.ChildProcess._handle.onexit (internal/child_process.js:259:5)
14 verbose pkgid secp256k1@3.8.0
15 verbose cwd /home/ubuntu/node_modules/ethereumjs-tx/node_modules/secp256k1
16 verbose Linux 4.15.0-1065-aws
17 verbose argv "/usr/bin/node" "/usr/bin/npm" "run" "rebuild"
18 verbose node v10.20.1
19 verbose npm  v6.14.4
20 error code ELIFECYCLE
21 error errno 1
22 error secp256k1@3.8.0 rebuild: `node-gyp rebuild`
22 error Exit status 1
23 error Failed at the secp256k1@3.8.0 rebuild script.
23 error This is probably not a problem with npm. There is likely additional logging output above.
24 verbose exit [ 1, true ]
