0 info it worked if it ends with ok
1 verbose cli [ '/usr/bin/node', '/usr/bin/npm', 'run', 'build' ]
2 info using npm@6.14.4
3 info using node@v10.20.1
4 verbose run-script [ 'prebuild', 'build', 'postbuild' ]
5 info lifecycle tiny-secp256k1@1.1.4~prebuild: tiny-secp256k1@1.1.4
6 info lifecycle tiny-secp256k1@1.1.4~build: tiny-secp256k1@1.1.4
7 verbose lifecycle tiny-secp256k1@1.1.4~build: unsafe-perm in lifecycle true
8 verbose lifecycle tiny-secp256k1@1.1.4~build: PATH: /usr/lib/node_modules/npm/node_modules/npm-lifecycle/node-gyp-bin:/home/ubuntu/node_modules/tiny-secp256k1/node_modules/.bin:/home/ubuntu/node_modules/.bin:/usr/lib/node_modules/npm/node_modules/npm-lifecycle/node-gyp-bin:/home/ubuntu/node_modules/tiny-secp256k1/node_modules/.bin:/home/ubuntu/node_modules/.bin:/home/ubuntu/bin:/usr/local/sbin:/usr/local/bin:/usr/sbin:/usr/bin:/sbin:/bin:/usr/games:/usr/local/games:/snap/bin
9 verbose lifecycle tiny-secp256k1@1.1.4~build: CWD: /home/ubuntu/node_modules/tiny-secp256k1
10 silly lifecycle tiny-secp256k1@1.1.4~build: Args: [ '-c', 'node-gyp rebuild' ]
11 silly lifecycle tiny-secp256k1@1.1.4~build: Returned: code: 1  signal: null
12 info lifecycle tiny-secp256k1@1.1.4~build: Failed to exec build script
13 verbose stack Error: tiny-secp256k1@1.1.4 build: `node-gyp rebuild`
13 verbose stack Exit status 1
13 verbose stack     at EventEmitter.<anonymous> (/usr/lib/node_modules/npm/node_modules/npm-lifecycle/index.js:332:16)
13 verbose stack     at EventEmitter.emit (events.js:198:13)
13 verbose stack     at ChildProcess.<anonymous> (/usr/lib/node_modules/npm/node_modules/npm-lifecycle/lib/spawn.js:55:14)
13 verbose stack     at ChildProcess.emit (events.js:198:13)
13 verbose stack     at maybeClose (internal/child_process.js:982:16)
13 verbose stack     at Process.ChildProcess._handle.onexit (internal/child_process.js:259:5)
14 verbose pkgid tiny-secp256k1@1.1.4
15 verbose cwd /home/ubuntu/node_modules/tiny-secp256k1
16 verbose Linux 4.15.0-1065-aws
17 verbose argv "/usr/bin/node" "/usr/bin/npm" "run" "build"
18 verbose node v10.20.1
19 verbose npm  v6.14.4
20 error code ELIFECYCLE
21 error errno 1
22 error tiny-secp256k1@1.1.4 build: `node-gyp rebuild`
22 error Exit status 1
23 error Failed at the tiny-secp256k1@1.1.4 build script.
23 error This is probably not a problem with npm. There is likely additional logging output above.
24 verbose exit [ 1, true ]
